C51 COMPILER V9.54   CH559_DEMO                                                            03/03/2017 17:22:25 PAGE 1   


C51 COMPILER V9.54, COMPILATION OF MODULE CH559_DEMO
OBJECT MODULE PLACED IN CH559_DEMO.OBJ
COMPILER INVOKED BY: C:\Keil_v5_954a\C51\BIN\C51.EXE CH559_DEMO.C OPTIMIZE(8,SPEED) BROWSE INCDIR(..\User\Device;..\User
                    -\Host;..\User;..\User\PUB;..\User\PUB\INC) DEBUG OBJECTEXTEND TABS(2)

line level    source

   1          
   2          /********************************** (C) COPYRIGHT ******************************
   3          * File Name          : CH559_DEMO.C
   4          * Author             : WCH
   5          * Version            : V1.3
   6          * Date               : 2016/06/24
   7          * Description        : IAP下载主程序
   8                                 演示用户程序运行，当P13输入低电平时，程序跳转至IAP程序区，进行用户程序升级
   9          *******************************************************************************/
  10          
  11          #include "CH559.H"
  12          #include <string.h>
  13          #include <intrins.h>
  14          
  15          #define IAP_ProgrameStartAddr    0xE000                    //IAP程序存放的起始地址，该地址至少要比实际的IA
             -P地址小4字节
  16          sbit EnableIAP  = P1^3;                                    //IAP跳转检测引脚
  17          
  18          typedef void( *pTaskFn)( void );
  19          pTaskFn tasksArr[1]; 
  20          
  21          #pragma NOAREGS
  22          
  23          /*******************************************************************************
  24          * Function Name  : mDelay20us(UNIT16 n)
  25          * Description    : 20us延时函数，主频12MHz，延时不准，其他主频参考DEBUG.C的延时函数
  26          * Input          : UNIT16 n
  27          * Output         : None
  28          * Return         : None
  29          *******************************************************************************/ 
  30          void mDelay20us( UINT16 n )
  31          {
  32   1        for( n <<= 3;n;--n ){
  33   2          _nop_( );
  34   2        }
  35   1      }
  36          
  37          /*******************************************************************************
  38          * Function Name  : main
  39          * Description    : 主函数
  40          * Input          : None
  41          * Output         : None
  42          * Return         : None
  43          *******************************************************************************/
  44          void main( void ) 
  45          {
  46   1        UINT16 i=0;
  47   1      
  48   1        P1_DIR = 0x00;
  49   1        P1_DIR |= 0xff;                                            //P40-P43输出使能
  50   1       P2_DIR |= 0xff; 
  51   1        P3_DIR |= 0xff; 
  52   1        P4_DIR |= 0xff; 
  53   1        tasksArr[0] = (pTaskFn)(IAP_ProgrameStartAddr+0x00);       //IAP程序地址
C51 COMPILER V9.54   CH559_DEMO                                                            03/03/2017 17:22:25 PAGE 2   

  54   1        while(1)
  55   1        {
  56   2          /*
  57   2          if( EnableIAP == 0 )                                     //检测P13引脚是否为低
  58   2          {   
  59   2            P4_OUT =  0x0f;
  60   2            P4_OUT =  ~(1<<1);                                     //P4连接的LED用于状态指示
  61   2            mDelay20us(60000);
  62   2            P4_OUT =  0x0f;
  63   2            (tasksArr[0])( );                                      //跳转至IAP程序区
  64   2          }*/
  65   2          
  66   2          
  67   2          
  68   2          
  69   2         
  70   2          P1 =  0xFF;
  71   2          P2 =  0xFF;
  72   2          P3 =  0xFF;
  73   2          P4_OUT =  0xFF;
  74   2          mDelay20us(3000);
  75   2          mDelay20us(3000);
  76   2          mDelay20us(3000);
  77   2          mDelay20us(3000);
  78   2          P1 =  0x00;
  79   2          P2 =  0x00;
  80   2          P3 =  0x00;
  81   2          P4_OUT =  0x00;
  82   2          mDelay20us(3000);
  83   2          mDelay20us(3000);
  84   2          mDelay20us(3000);
  85   2          mDelay20us(3000);
  86   2          mDelay20us(3000);
  87   2           
  88   2          
  89   2        }
  90   1      }


MODULE INFORMATION:   STATIC OVERLAYABLE
   CODE SIZE        =    107    ----
   CONSTANT SIZE    =   ----    ----
   XDATA SIZE       =   ----    ----
   PDATA SIZE       =   ----    ----
   DATA SIZE        =      3       2
   IDATA SIZE       =   ----    ----
   BIT SIZE         =   ----    ----
END OF MODULE INFORMATION.


C51 COMPILATION COMPLETE.  0 WARNING(S),  0 ERROR(S)
