C51 COMPILER V9.51   CH559_DEMO                                                            01/09/2018 18:29:38 PAGE 1   


C51 COMPILER V9.51, COMPILATION OF MODULE CH559_DEMO
OBJECT MODULE PLACED IN CH559_DEMO.OBJ
COMPILER INVOKED BY: D:\Keil\C51\BIN\C51.EXE CH559_DEMO.C BROWSE INCDIR(..\User\Device;..\User\Host;..\User;..\User\PUB;
                    -..\User\PUB\INC) DEBUG OBJECTEXTEND TABS(2)

line level    source

   1          
   2          /********************************** (C) COPYRIGHT ******************************
   3          * File Name          : CH559_DEMO.C
   4          * Author             : WCH
   5          * Version            : V1.3
   6          * Date               : 2016/06/24
   7          * Description        : IAP下载主程序
   8                                 演示用户程序运行，当P13输入低电平时，程序跳转至IAP程序区，进行用户程序升级
   9          *******************************************************************************/
  10          
  11          #include "../../public/CH554.H"
  12          #include <string.h>
  13          #include <intrins.h>
  14          
  15          #define IAP_ProgrameStartAddr    (0x3000)             //IAP程序存放的起始地址，该地址至少要比实际的IAP地址
             -小4字节
  16          sbit EnableIAP  = P1^3;                                    //IAP跳转检测引脚
  17          
  18          typedef void( *pTaskFn)( void );
  19          pTaskFn tasksArr[1]; 
  20          
  21          #pragma NOAREGS
  22          
  23          /*******************************************************************************
  24          * Function Name  : mDelay20us(UNIT16 n)
  25          * Description    : 20us延时函数，主频12MHz，延时不准，其他主频参考DEBUG.C的延时函数
  26          * Input          : UNIT16 n
  27          * Output         : None
  28          * Return         : None
  29          *******************************************************************************/ 
  30          void mDelay20us( UINT16 n )
  31          {
  32   1        for( n <<= 3;n;--n ){
  33   2          _nop_( );
  34   2        }
  35   1      }
  36          
  37          /*******************************************************************************
  38          * Function Name  : main
  39          * Description    : 主函数
  40          * Input          : None
  41          * Output         : None
  42          * Return         : None
  43          *******************************************************************************/
  44          void main( void ) 
  45          {
  46   1        UINT16 i=0;
  47   1      
  48   1        tasksArr[0] = (pTaskFn)(IAP_ProgrameStartAddr+0x00);       //IAP程序地址
  49   1        while(1)
  50   1        {
  51   2          if( EnableIAP == 0 )                                     //检测P13引脚是否为低
  52   2          {   
  53   3            mDelay20us(60000);
C51 COMPILER V9.51   CH559_DEMO                                                            01/09/2018 18:29:38 PAGE 2   

  54   3            (tasksArr[0])( );                                      //跳转至IAP程序区
  55   3          }
  56   2          i++;
  57   2          if( i == 200 ) i = 0;                                    //用户程序可以干其他事情，此处就只是闪灯
  58   2          mDelay20us(1000);
  59   2        }
  60   1      }


MODULE INFORMATION:   STATIC OVERLAYABLE
   CODE SIZE        =     80    ----
   CONSTANT SIZE    =   ----    ----
   XDATA SIZE       =   ----    ----
   PDATA SIZE       =   ----    ----
   DATA SIZE        =      3       2
   IDATA SIZE       =   ----    ----
   BIT SIZE         =   ----    ----
END OF MODULE INFORMATION.


C51 COMPILATION COMPLETE.  0 WARNING(S),  0 ERROR(S)
