C51 COMPILER V9.53.0.0   DATAFLASH_IF                                                      04/28/2018 17:12:39 PAGE 1   


C51 COMPILER V9.53.0.0, COMPILATION OF MODULE DATAFLASH_IF
OBJECT MODULE PLACED IN .\Objects\DataFlash_IF.obj
COMPILER INVOKED BY: D:\Keil\Install\C51\BIN\C51.EXE DataFlash_IF.C LARGE OPTIMIZE(8,SPEED) BROWSE INCDIR(.\Public) DEBU
                    -G OBJECTEXTEND PRINT(.\Listings\DataFlash_IF.lst) OBJECT(.\Objects\DataFlash_IF.obj)

line level    source

   1          
   2          /********************************** (C) COPYRIGHT *******************************
   3          * File Name          : DataFlash_IF.C
   4          * Author             : WCH
   5          * Version            : V1.0
   6          * Date               : 2017/01/20
   7          * Description        : CH554 DataFlash操作函数接口
   8          *******************************************************************************/
   9          
  10          #include "CH554.H"                                                          //调试信息打印
  11          #include "DEBUG.H"
  12          #include "DataFlash_IF.H"
  13          
  14          /*******************************************************************************
  15          * Function Name  : WriteDataFlash(UINT8 Addr,PUINT8 buf,UINT8 len)
  16          * Description    : DataFlash写
  17          * Input          : UINT16 Addr，PUINT16 buf,UINT8 len
  18          * Output         : None
  19          * Return         : 
  20          *******************************************************************************/
  21          UINT8 WriteDataFlash(UINT8 Addr,PUINT8 buf,UINT8 len)
  22          {
  23   1          UINT8 i;
  24   1          SAFE_MOD = 0x55;
  25   1          SAFE_MOD = 0xAA;                                                           //进入安全模式
  26   1          GLOBAL_CFG |= bDATA_WE;                                                    //使能DataFlash写
  27   1          SAFE_MOD = 0;                                                              //退出安全模式   
  28   1              ROM_ADDR_H = DATA_FLASH_ADDR >> 8;
  29   1          Addr <<= 1;
  30   1          for(i=0;i<len;i++)
  31   1                {
  32   2              ROM_ADDR_L = Addr + i*2;
  33   2              ROM_DATA_L = *(buf+i);                  
  34   2                                      if ( ROM_STATUS & bROM_ADDR_OK ) {                                    // 操作地址有效
  35   3                                              ROM_CTRL = ROM_CMD_WRITE;                                           // 写入
  36   3                                      }
  37   2                                      if((ROM_STATUS ^ bROM_ADDR_OK) > 0) return i;                         // 返回状态,0x00=success,  0x02=
             -unknown command(bROM_CMD_ERR)
  38   2                }
  39   1          SAFE_MOD = 0x55;
  40   1          SAFE_MOD = 0xAA;                                                           //进入安全模式
  41   1          GLOBAL_CFG &= ~bDATA_WE;                                                   //开启DataFlash写保护
  42   1          SAFE_MOD = 0;                                                              //退出安全模式   
  43   1          return i;           
  44   1      }
  45          
  46          /*******************************************************************************
  47          * Function Name  : ReadDataFlash(UINT8 Addr,UINT8 len,PUINT8 dat)
  48          * Description    : 读DataFlash
  49          * Input          : UINT16 Addr PUINT8 dat
  50          * Output         : None
  51          * Return         : UINT8 l
  52          *******************************************************************************/
  53          UINT8 ReadDataFlash(UINT8 Addr,UINT8 len,PUINT8 dat)
C51 COMPILER V9.53.0.0   DATAFLASH_IF                                                      04/28/2018 17:12:39 PAGE 2   

  54          {
  55   1          UINT8 i;
  56   1              ROM_ADDR_H = DATA_FLASH_ADDR >> 8;
  57   1          Addr <<= 1;
  58   1          for(i=0;i<len;i++){
  59   2                ROM_ADDR_L = Addr + i*2;                                                   //Addr必须为偶地址
  60   2                ROM_CTRL = ROM_CMD_READ;
  61   2      //     if ( ROM_STATUS & bROM_CMD_ERR ) return( 0xFF );                        // unknown command
  62   2                *(dat+i) = ROM_DATA_L;
  63   2              }
  64   1          return i;
  65   1      }


MODULE INFORMATION:   STATIC OVERLAYABLE
   CODE SIZE        =    174    ----
   CONSTANT SIZE    =   ----    ----
   XDATA SIZE       =   ----       9
   PDATA SIZE       =   ----    ----
   DATA SIZE        =   ----    ----
   IDATA SIZE       =   ----    ----
   BIT SIZE         =   ----    ----
END OF MODULE INFORMATION.


C51 COMPILATION COMPLETE.  0 WARNING(S),  0 ERROR(S)
