C51 COMPILER V9.53.0.0   DATAFLASH                                                         03/30/2018 14:17:23 PAGE 1   


C51 COMPILER V9.53.0.0, COMPILATION OF MODULE DATAFLASH
OBJECT MODULE PLACED IN .\Objects\dataflash.obj
COMPILER INVOKED BY: D:\Keil\Install\C51\BIN\C51.EXE dataflash.c LARGE OPTIMIZE(8,SPEED) BROWSE INCDIR(.\Public) DEBUG O
                    -BJECTEXTEND PRINT(.\Listings\dataflash.lst) OBJECT(.\Objects\dataflash.obj)

line level    source

   1          
   2          #include "dataflash.h"
   3          
   4          UINT8 ReadDataFlash(UINT8 Addr,UINT8 len,PUINT8 buf)
   5          {
   6   1          UINT8 i;
   7   1              E_DIS = 1;   //½ûÖ¹ÖĞ¶ÏÊ¹ÄÜ
   8   1              
   9   1          ROM_ADDR_H = DATA_FLASH_ADDR >> 8;
  10   1          Addr <<= 1;
  11   1          for(i=0;i<len;i++)
  12   1              {
  13   2                ROM_ADDR_L = Addr + i*2;                                                   //Addr±ØĞëÎªÅ¼µØÖ·
  14   2                ROM_CTRL = ROM_CMD_READ;
  15   2           if ( ROM_STATUS & bROM_CMD_ERR ) return( 0xFF );                        // unknown command
  16   2                *(buf+i) = ROM_DATA_L;
  17   2              }
  18   1              E_DIS = 0;   //½ûÖ¹ÖĞ¶ÏÊ¹ÄÜ
  19   1          return i;
  20   1      }
  21          
  22          
  23          /*******************************************************************************
  24          * Function Name  : WriteDataFlash(UINT8 Addr,PUINT8 buf,UINT8 len)
  25          * Description    : DataFlashĞ´
  26          * Input          : UINT8 Addr£¬PUINT16 buf,UINT8 len
  27          * Output         : None
  28          * Return         : UINT8 i ·µ»ØĞ´Èë³¤¶È
  29          *******************************************************************************/
  30          UINT8 FLASH_Write(UINT8 Addr,PUINT8 buf,UINT8 len)
  31          {
  32   1          UINT8 i;
  33   1              UINT16 add;
  34   1          E_DIS = 1;   //½ûÖ¹ÖĞ¶ÏÊ¹ÄÜ
  35   1          SAFE_MOD = 0x55;
  36   1          SAFE_MOD = 0xAA;                                                           //½øÈë°²È«Ä£Ê½
  37   1          GLOBAL_CFG |= bDATA_WE;                                                    //Ê¹ÄÜDataFlashĞ´
  38   1          SAFE_MOD = 0;                                                          //ÍË³ö°²È«Ä£Ê½       
  39   1          add = 0xC000+(Addr*2);
  40   1          for(i=0;i<len;i++)
  41   1          {
  42   2                      ROM_ADDR = add;
  43   2                      add+=2;
  44   2                      ROM_DATA = *(buf+i);    
  45   2                      if ( ROM_STATUS & bROM_ADDR_OK )                                     // ²Ù×÷µØÖ·ÓĞĞ§
  46   2                  { 
  47   3                              ROM_CTRL = ROM_CMD_WRITE;                                           // Ğ´Èë
  48   3      
  49   3              }
  50   2          }
  51   1          SAFE_MOD = 0x55;
  52   1          SAFE_MOD = 0xAA;                                                           //½øÈë°²È«Ä£Ê½
  53   1          GLOBAL_CFG &= ~(bCODE_WE|bDATA_WE);                                                   //¿ªÆôDataFlashĞ
             -´±£»¤
C51 COMPILER V9.53.0.0   DATAFLASH                                                         03/30/2018 14:17:23 PAGE 2   

  54   1          SAFE_MOD = 0;                                                              //ÍË³ö°²È«Ä£Ê½   
  55   1          E_DIS = 0;   //½ûÖ¹ÖĞ¶Ï¹Ø±Õ
  56   1          return i;           
  57   1      }


MODULE INFORMATION:   STATIC OVERLAYABLE
   CODE SIZE        =    208    ----
   CONSTANT SIZE    =   ----    ----
   XDATA SIZE       =   ----      11
   PDATA SIZE       =   ----    ----
   DATA SIZE        =   ----    ----
   IDATA SIZE       =   ----    ----
   BIT SIZE         =   ----    ----
END OF MODULE INFORMATION.


C51 COMPILATION COMPLETE.  0 WARNING(S),  0 ERROR(S)
